[debug] [2021-12-27T16:43:40.262Z] ----------------------------------------------------------------------
[debug] [2021-12-27T16:43:40.264Z] Command:       C:\Program Files\nodejs\node.exe C:\Users\barws\AppData\Roaming\npm\node_modules\firebase-tools\lib\bin\firebase.js init
[debug] [2021-12-27T16:43:40.264Z] CLI Version:   10.0.1
[debug] [2021-12-27T16:43:40.264Z] Platform:      win32
[debug] [2021-12-27T16:43:40.265Z] Node Version:  v17.2.0
[debug] [2021-12-27T16:43:40.265Z] Time:          Mon Dec 27 2021 23:43:40 GMT+0700 (Indochina Time)
[debug] [2021-12-27T16:43:40.265Z] ----------------------------------------------------------------------
[debug] 
[debug] [2021-12-27T16:43:40.271Z] > command requires scopes: ["email","openid","https://www.googleapis.com/auth/cloudplatformprojects.readonly","https://www.googleapis.com/auth/firebase","https://www.googleapis.com/auth/cloud-platform"]
[debug] [2021-12-27T16:43:40.271Z] > authorizing via signed-in user (sirati10546@gmail.com)
[info] 
     ######## #### ########  ######## ########     ###     ######  ########
     ##        ##  ##     ## ##       ##     ##  ##   ##  ##       ##
     ######    ##  ########  ######   ########  #########  ######  ######
     ##        ##  ##    ##  ##       ##     ## ##     ##       ## ##
     ##       #### ##     ## ######## ########  ##     ##  ######  ########

You're about to initialize a Firebase project in this directory:

  C:\Users\barws\Desktop\reactRedux\my-app

[info] 
=== Project Setup
[info] 
[info] First, let's associate this project directory with a Firebase project.
[info] You can create multiple project aliases by running firebase use --add, 
[info] but for now we'll just set up a default project.
[info] 
[debug] [2021-12-27T16:46:37.437Z] >>> [apiv2][query] GET https://firebase.googleapis.com/v1beta1/projects pageSize=100
[debug] [2021-12-27T16:46:38.119Z] <<< [apiv2][status] GET https://firebase.googleapis.com/v1beta1/projects 200
[debug] [2021-12-27T16:46:38.120Z] <<< [apiv2][body] GET https://firebase.googleapis.com/v1beta1/projects [omitted]
[info] i  Using project comgear-65e33 (ComGear) 
[info] 
=== Hosting Setup
[info] 
[info] Your public directory is the folder (relative to your project directory) that
[info] will contain Hosting assets to be uploaded with firebase deploy. If you
[info] have a build process for your assets, use your build's output directory.
[info] 
